2021-04-08 16:30:12,038 ERROR: Exception on /reset_password_request [POST] [in /home/lsnkmv/Desktop/Projects/Flask_Blog/env/lib/python3.9/site-packages/flask/app.py:1891]
Traceback (most recent call last):
  File "/home/lsnkmv/Desktop/Projects/Flask_Blog/env/lib/python3.9/site-packages/flask/app.py", line 2447, in wsgi_app
    response = self.full_dispatch_request()
  File "/home/lsnkmv/Desktop/Projects/Flask_Blog/env/lib/python3.9/site-packages/flask/app.py", line 1952, in full_dispatch_request
    rv = self.handle_user_exception(e)
  File "/home/lsnkmv/Desktop/Projects/Flask_Blog/env/lib/python3.9/site-packages/flask/app.py", line 1821, in handle_user_exception
    reraise(exc_type, exc_value, tb)
  File "/home/lsnkmv/Desktop/Projects/Flask_Blog/env/lib/python3.9/site-packages/flask/_compat.py", line 39, in reraise
    raise value
  File "/home/lsnkmv/Desktop/Projects/Flask_Blog/env/lib/python3.9/site-packages/flask/app.py", line 1950, in full_dispatch_request
    rv = self.dispatch_request()
  File "/home/lsnkmv/Desktop/Projects/Flask_Blog/env/lib/python3.9/site-packages/flask/app.py", line 1936, in dispatch_request
    return self.view_functions[rule.endpoint](**req.view_args)
  File "/home/lsnkmv/Desktop/Projects/Flask_Blog/app/routes.py", line 162, in reset_password_request
    send_password_reset_email(user)
  File "/home/lsnkmv/Desktop/Projects/Flask_Blog/app/email.py", line 20, in send_password_reset_email
  File "/home/lsnkmv/Desktop/Projects/Flask_Blog/env/lib/python3.9/site-packages/flask/templating.py", line 138, in render_template
    ctx.app.jinja_env.get_or_select_template(template_name_or_list),
  File "/home/lsnkmv/Desktop/Projects/Flask_Blog/env/lib/python3.9/site-packages/jinja2/environment.py", line 930, in get_or_select_template
    return self.get_template(template_name_or_list, parent, globals)
  File "/home/lsnkmv/Desktop/Projects/Flask_Blog/env/lib/python3.9/site-packages/jinja2/environment.py", line 883, in get_template
    return self._load_template(name, self.make_globals(globals))
  File "/home/lsnkmv/Desktop/Projects/Flask_Blog/env/lib/python3.9/site-packages/jinja2/environment.py", line 857, in _load_template
    template = self.loader.load(self, name, globals)
  File "/home/lsnkmv/Desktop/Projects/Flask_Blog/env/lib/python3.9/site-packages/jinja2/loaders.py", line 115, in load
    source, filename, uptodate = self.get_source(environment, name)
  File "/home/lsnkmv/Desktop/Projects/Flask_Blog/env/lib/python3.9/site-packages/flask/templating.py", line 60, in get_source
    return self._get_source_fast(environment, template)
  File "/home/lsnkmv/Desktop/Projects/Flask_Blog/env/lib/python3.9/site-packages/flask/templating.py", line 89, in _get_source_fast
    raise TemplateNotFound(template)
jinja2.exceptions.TemplateNotFound: email/reset_password.html
2021-04-08 16:30:20,205 INFO: Microblog startup [in /home/lsnkmv/Desktop/Projects/Flask_Blog/app/__init__.py:49]
2021-04-08 16:30:41,653 INFO: Microblog startup [in /home/lsnkmv/Desktop/Projects/Flask_Blog/app/__init__.py:49]
2021-04-08 16:30:57,132 ERROR: Exception on /reset_password_request [POST] [in /home/lsnkmv/Desktop/Projects/Flask_Blog/env/lib/python3.9/site-packages/flask/app.py:1891]
Traceback (most recent call last):
  File "/home/lsnkmv/Desktop/Projects/Flask_Blog/env/lib/python3.9/site-packages/flask/app.py", line 2447, in wsgi_app
    response = self.full_dispatch_request()
  File "/home/lsnkmv/Desktop/Projects/Flask_Blog/env/lib/python3.9/site-packages/flask/app.py", line 1952, in full_dispatch_request
    rv = self.handle_user_exception(e)
  File "/home/lsnkmv/Desktop/Projects/Flask_Blog/env/lib/python3.9/site-packages/flask/app.py", line 1821, in handle_user_exception
    reraise(exc_type, exc_value, tb)
  File "/home/lsnkmv/Desktop/Projects/Flask_Blog/env/lib/python3.9/site-packages/flask/_compat.py", line 39, in reraise
    raise value
  File "/home/lsnkmv/Desktop/Projects/Flask_Blog/env/lib/python3.9/site-packages/flask/app.py", line 1950, in full_dispatch_request
    rv = self.dispatch_request()
  File "/home/lsnkmv/Desktop/Projects/Flask_Blog/env/lib/python3.9/site-packages/flask/app.py", line 1936, in dispatch_request
    return self.view_functions[rule.endpoint](**req.view_args)
  File "/home/lsnkmv/Desktop/Projects/Flask_Blog/app/routes.py", line 162, in reset_password_request
    send_password_reset_email(user)
  File "/home/lsnkmv/Desktop/Projects/Flask_Blog/app/email.py", line 15, in send_password_reset_email
    send_email('[Microblog] Reset Your Password',
TypeError: send_email() missing 1 required positional argument: 'html_body'
2021-04-08 16:31:13,513 INFO: Microblog startup [in /home/lsnkmv/Desktop/Projects/Flask_Blog/app/__init__.py:49]
2021-04-08 16:36:29,811 INFO: Microblog startup [in /home/lsnkmv/Desktop/Projects/Flask_Blog/app/__init__.py:49]
2021-04-12 20:39:54,971 INFO: Microblog startup [in /home/lsnkmv/Desktop/Projects/Flask_Blog/app/__init__.py:51]
